Log started at 06.02.2023	19:03:54
Number of used processors (NPROC): 8.
Number of mesh partitions (NPART): 8.
Total Physical Memory = 15.75 Gb, Available Physical Memory = 5.88 Gb
Computer name:	JUL-LAPTOP
Operating system:	Windows 10 (or higher) (Version 10.0.22621)

SOLIDWORKS 2022 SP2.0
Flow Simulation 2022  x64 / 5593

Project: C:\Users\julia.DESKTOP-TSHJUVK\OneDrive\Documents\GrabCAD\Dalhousie Microtransat\nautono\sail\mast_water_guard\1\1.xmlconfig
Configuration name: v1
Project name: waterFlow1
Problem type: external-type
Exclude cavities without flow conditions: OFF
NGK: OFF
MBO: OFF
-----------------------------------------------------------------------
Mesher option run = eRunMesherNormal
-----------------------------------------------------------------------

Mesh generation started:	6.2.2023	19:3:54
-----------------------------------------------------------------------
Memory Working Set Current = 19.26 Mb, Memory Working Set Peak = 19.26 Mb
Process Threads Number: 7
-----------------------------------------------------------------------
Mesher adjust APD = OFF; AdjustAPD_method=0; N_per_Channel = 0; N2_per_Channel = 0
Current CPU = 0 sec
-----------------------------------------------------------------------
Geometries initialization:
-----------------------------------------------------------------------
Loading mesh settings (global/local)...
-----------------------------------------------------------------------
Number of geometries from DB: 1
Geometry(0):
	Guid = {00000000-0000-0000-0000-000000000000}
	Fluid..
	1 Body.
	1 Real body.
	-- Bodyset 0 --
		Tolerance=1.87215e-05.
		34 Face(s).
			34 of b-spline type.
		0 Face(s) that have no ref faces
		11 Plane surface(s).
		23 Cylinder surface(s).
		8056 Triangle(s).
		Getting triangle connectivities from DB: 0.001 s
		46 Edge(s).
			46 of b-spline type.
		BodyGeom reading: 0.015 s.
		8056 Reference Triangles.
		Getting triangle connectivities from DB (Ref): 0.001 s
		BodyGeom Ref reading: 0.002 s.
Geometry(1):
	Solid.
	-- Bodyset 1 --
	Empty
-----------------------------------------------------------------------
Number of geometries in task: 2
Number of bodysets   in task: 2
-----------------------------------------------------------------------
BodySet (0):
	Making hash and connectivity for Bodyset ...
		CBodyGeom:
		Hash size: {24, 9, 24}.
		Mesh size: {12, 9, 12}.
		Hashing triangles...Ok.
			axis(0) tr sizes: average=166 max=716
			axis(1) tr sizes: average=43 max=299
			axis(2) tr sizes: average=163 max=738
		Number of t-connected sets:1 (cavity=0)
		CBodyGeomRef:
		Hashing triangles...Ok.
			axis(0) tr sizes: average=273 max=937
			axis(1) tr sizes: average=104 max=450
			axis(2) tr sizes: average=268 max=869
	0.011 s.
Geometries reading and preparing has taken 0.034 s.
-----------------------------------------------------------------------
Mapped triangles:
Hashing rough geometry(bodies) triangulation:
BodySet (0):
	Triangles num=8056
	Triangles box={-0.037846 ,0.076454 ,-1.41016e-17 ,0.0944483 ,-0.0571407 ,0.0571407}
		3d-hash size is 66152 bytes
BodySet (1):
Empty

Mapped triangles processed in 0.012 s.
-----------------------------------------------------------------------
-----------------------------------------------------------------------
Getting sectors:
Number of sectors: 0
-----------------------------------------------------------------------
-----------------------------------------------------------------------

Current CPU = 0 sec
-----------------------------------------------------------------------
Memory Working Set Current = 29.83 Mb, Memory Working Set Peak = 31.60 Mb
Process Threads Number: 14
-----------------------------------------------------------------------
-----------------------------------------------------------------------
Checking faces on CD...
FCD = [0 0 0 0 0 0]
FCD_conflicts = 0
Time (check faces on CD)=0.000 s
-----------------------------------------------------------------------

-----------------------------------------------------------------------
Mesh dimensions:
				I[0 ]=12
				I[1 ]=9
				I[2 ]=12

Comp. domain size:
				a[0  ]=-0.0983062
				a[1  ]=0.133398
				a[2  ]=-0.053666
				a[3  ]=0.164453
				a[4  ]=-0.131775
				a[5  ]=0.114997

Fluid calculated			1
Solid calculated			0
-----------------------------------------------------------------------
MESH Build started...
-----------------------------------------------------------------------
Mesh LEVEL = 1
-----------------------------------------------------------------------
-----------------------------------------------------------------------
CPT-mode xeps:
	D / dh / eps [axis=0] = (0.231705, 0.0083881, 8.3881e-06)
	D / dh / eps [axis=1] = (0.218119, 0.0116797, 1.16797e-05)
	D / dh / eps [axis=2] = (0.246772, 0.00933393, 9.33393e-06)
-----------------------------------------------------------------------
Initial allocation and brick-body-box intersection...OK (0.000 s)
Initial triangle brick intersection...OK (0.000 s)
Setting regions (1296 / 1296)...OK (0.000 s)
-----------------------------------------------------------------------
Base mesh info:
	3D task
	Nx=12
	Ny=9
	Nz=12
	N(Nx*Ny*Nz) = 108
	Period    axis=[0, 0, 0]
	Symmetry  ni=[0 0 0 0 0 0]
	ZoomingBC ni=[0 0 0 0 0 0]
	Nx=12
		x[0]=-0.0983062
		x[1]=-0.0786984
		x[2]=-0.0590967
		x[3]=-0.039495
		x[4]=-0.0198933
		x[5]=-0.000291548
		x[6]=0.0193102
		x[7]=0.0393128
		x[8]=0.0593153
		x[9]=0.0793178
		x[10]=0.0993203
		x[11]=0.116096
		x[12]=0.133398
	Ny=9
		y[0]=-0.053666
		y[1]=-0.0228516
		y[2]=0.000507737
		y[3]=0.0238691
		y[4]=0.0472305
		y[5]=0.0706763
		y[6]=0.094122
		y[7]=0.117568
		y[8]=0.141013
		y[9]=0.164453
	Nz=12
		z[0]=-0.131775
		z[1]=-0.104819
		z[2]=-0.0796002
		z[3]=-0.0560016
		z[4]=-0.0373337
		z[5]=-0.0186647
		z[6]=4.29771e-06
		z[7]=0.0186733
		z[8]=0.0373423
		z[9]=0.0560113
		z[10]=0.0747424
		z[11]=0.094391
		z[12]=0.114997
-----------------------------------------------------------------------
Input_mesh_settings--------------------------------
Settings 0----------------
	Scope: GLOBAL
	Type:	------MESHER_SETTINGS----------
	RefAllCells           =0
	RefFluidCells         =0
	RefPartCells          =0
	RefSolidCells         =0
	l_SSFR(Capture crit)  =1
	l_curv(Curvature crit)=0
	l_tol(Tolerance crit) =0
	UseChannelRef         =1
	  NCR_method          =0
	  l_NCR               =1
	  N_gap               =5
	  Use d_NCR_min       =0
	  Use d_NCR_max       =0
	CloseThinSlotsHeight         =0
	--END_OF_MESHER_SETTINGS-------
End of input mesh settings-------------------------
-----------------------------------------------------------------------
Memory Working Set Current = 30.23 Mb, Memory Working Set Peak = 31.60 Mb
Process Threads Number: 14
-----------------------------------------------------------------------
MMP (msh): locals=1, allc_sz=0.17 MB, used_sz=0.16 MB, blks-min-max=7/7
MMP (brx): locals=7, allc_sz=0.23 MB, used_sz=0.15 MB, blks-min-max=1/3
MMP (bcf): locals=0, allc_sz=0.00 MB, used_sz=0.00 MB, blks-min-max=0/0
MMP (xsl): locals=0, allc_sz=0.00 MB, used_sz=0.00 MB, blks-min-max=0/0
NxNyNz = [12, 9, 12]
base_dx=0.0213695; 
NxNyNz_reverse = [11, 10, 12]

-----------------------------------------------------------------------
Refining geometries:
-----------------------------------------------------------------------

-----------------------------------------------------------------------
Refining by triangulation...
Refinement input: 1296 bricks
	Checking crit (1296 / 1296)...62 marked (0.004 s)
	Time(refinement): 0.000 s
Setting regions (496 / 1730)...OK (0.000 s)
	Checking crit (0 / 1730)...0 marked (0.000 s)
Refinement result: 1730 bricks (0.005 s)
Refinement input: 1730 bricks
	Checking crit (1234 / 1730)...0 marked (0.000 s)
Refinement result: 1730 bricks (0.000 s)
Collecting and processing rays:
	Adding rays...OK (0.000 s)
	new bricks = 1730 / 1730
	new rays   = 674 (x=212, y=255, z=207)
	Processing rays...
		Rays process:  0.006 (0.006) s
		Sort xstacks:  0.000 (0.000) s
		Put xstacks:   0.000 (0.000) s
		Total:         0.006 s
	Correcting rays...
		Lame vertices: 0.000 (0.000) s
		Bad rays:      0.000 (0.000) s
		Emit rays:     0.000 (0.000) s
		Correct ray f: 0.000 (0.000) s
		Undef:         0.000 (0.000) s
		Sum:           0.000 (0.000) s
		Total:         0.001 s
	Time (rays): 0.008 s
Capturing (1730 / 1730)...OK (0.000 s)
Refining by triangulation takes 0.014 s
-----------------------------------------------------------------------

-----------------------------------------------------------------------
Refining peculiar surfaces...
0 surfaces refined
Refining peculiar surfaces takes 0 s
-----------------------------------------------------------------------
Collecting and processing rays:
	Adding rays...OK (0.000 s)
	new bricks = 0 / 1730
	new rays   = 0 (x=0, y=0, z=0)
	Processing rays...
		Rays process:  0.000 (0.000) s
		Sort xstacks:  0.000 (0.000) s
		Put xstacks:   0.000 (0.000) s
		Total:         0.000 s
	Correcting rays...
		Total:         0.000 s
	Time (rays): 0.000 s
Capturing (0 / 1730)...OK (0.000 s)

-----------------------------------------------------------------------
Base mesh 1 Refining...
Collecting and processing rays:
	Adding rays...OK (0.000 s)
	new bricks = 0 / 1730
	new rays   = 0 (x=0, y=0, z=0)
	Processing rays...
		Rays process:  0.000 (0.000) s
		Sort xstacks:  0.000 (0.000) s
		Put xstacks:   0.000 (0.000) s
		Total:         0.000 s
	Correcting rays...
		Total:         0.000 s
	Time (rays): 0.000 s
Capturing (0 / 1730)...OK (0.000 s)
Refinement input: 1730 bricks
	Checking crit (1234 / 1730)...0 marked (0.000 s)
Refinement result: 1730 bricks (0.000 s)
-----------------------------------------------------------------------
Refining channels...
FYI: CNarrowChannelRefiner::RefineChannels_PRLL
Refinement input: 1730 bricks
	Time(refinement): 0.000 s
Setting regions (240 / 1940)...OK (0.000 s)
Refinement result: 1940 bricks (0.001 s)
Collecting and processing rays:
	Adding rays...OK (0.000 s)
	new bricks = 240 / 1940
	new rays   = 21 (x=14, y=0, z=7)
	Processing rays...
		Rays process:  0.000 (0.000) s
		Sort xstacks:  0.000 (0.000) s
		Put xstacks:   0.000 (0.000) s
		Total:         0.000 s
	Correcting rays...
		Lame vertices: 0.000 (0.000) s
		Bad rays:      0.000 (0.000) s
		Emit rays:     0.000 (0.000) s
		Correct ray f: 0.000 (0.000) s
		Undef:         0.000 (0.000) s
		Sum:           0.000 (0.000) s
		Total:         0.000 s
	Time (rays): 0.001 s
Capturing (240 / 1940)...OK (0.000 s)
FYI: m_iteration_count = 0
FYI: level1 statistics:
     level1_cnt_plus[1]=240;		level1_cnt_minus[1]=0
     level1_cnt_plus[2]=0;		level1_cnt_minus[2]=0
     level1_cnt_plus[3]=0;		level1_cnt_minus[3]=0
     level1_cnt_plus[4]=0;		level1_cnt_minus[4]=0
     level1_cnt_plus[5]=0;		level1_cnt_minus[5]=0
     level1_cnt_plus[6]=0;		level1_cnt_minus[6]=0
     level1_cnt_plus[7]=0;		level1_cnt_minus[7]=0
     level1_cnt_plus[8]=0;		level1_cnt_minus[8]=0
     level1_cnt_plus[9]=0;		level1_cnt_minus[9]=0
FYI: m_iteration_count = 1
FYI: level1 statistics:
     level1_cnt_plus[1]=240;		level1_cnt_minus[1]=0
     level1_cnt_plus[2]=0;		level1_cnt_minus[2]=0
     level1_cnt_plus[3]=0;		level1_cnt_minus[3]=0
     level1_cnt_plus[4]=0;		level1_cnt_minus[4]=0
     level1_cnt_plus[5]=0;		level1_cnt_minus[5]=0
     level1_cnt_plus[6]=0;		level1_cnt_minus[6]=0
     level1_cnt_plus[7]=0;		level1_cnt_minus[7]=0
     level1_cnt_plus[8]=0;		level1_cnt_minus[8]=0
     level1_cnt_plus[9]=0;		level1_cnt_minus[9]=0
FYI: level1 statistics:
     level1_cnt_plus[1]=240;		level1_cnt_minus[1]=0
     level1_cnt_plus[2]=0;		level1_cnt_minus[2]=0
     level1_cnt_plus[3]=0;		level1_cnt_minus[3]=0
     level1_cnt_plus[4]=0;		level1_cnt_minus[4]=0
     level1_cnt_plus[5]=0;		level1_cnt_minus[5]=0
     level1_cnt_plus[6]=0;		level1_cnt_minus[6]=0
     level1_cnt_plus[7]=0;		level1_cnt_minus[7]=0
     level1_cnt_plus[8]=0;		level1_cnt_minus[8]=0
     level1_cnt_plus[9]=0;		level1_cnt_minus[9]=0

-----------------------------------------------------------------------
U-shapes refinement...
Refinement input: 1940 bricks
	Checking crit (1204 / 1940)...0 marked (0.000 s)
Refinement result: 1940 bricks (0.001 s)
Collecting and processing rays:
	Adding rays...OK (0.000 s)
	new bricks = 0 / 1940
	new rays   = 0 (x=0, y=0, z=0)
	Processing rays...
		Rays process:  0.000 (0.000) s
		Sort xstacks:  0.000 (0.000) s
		Put xstacks:   0.000 (0.000) s
		Total:         0.000 s
	Correcting rays...
		Total:         0.000 s
	Time (rays): 0.000 s
Capturing (0 / 1940)...OK (0.000 s)
-----------------------------------------------------------------------

-----------------------------------------------------------------------
Equi Distant Refiner:
Equi Distant Refiner takes 0.00 s
-----------------------------------------------------------------------

/-Ray Intersection---------------/ Time	0.040 s
Calls                695
CorrectRay Calls     0



-----------------------------------------------------------------------
Refining geometries takes 0.041 s
-----------------------------------------------------------------------
-----------------------------------------------------------------------
Memory Working Set Current = 33.16 Mb, Memory Working Set Peak = 33.16 Mb
Process Threads Number: 14
-----------------------------------------------------------------------
Defect ray count	0
FYI: CNarrowChannelRefiner::RedistributeLevel1_step_1: is finished
FYI: level1 statistics:
     level1_cnt_plus[1]=240;		level1_cnt_minus[1]=0
     level1_cnt_plus[2]=0;		level1_cnt_minus[2]=0
     level1_cnt_plus[3]=0;		level1_cnt_minus[3]=0
     level1_cnt_plus[4]=0;		level1_cnt_minus[4]=0
     level1_cnt_plus[5]=0;		level1_cnt_minus[5]=0
     level1_cnt_plus[6]=0;		level1_cnt_minus[6]=0
     level1_cnt_plus[7]=0;		level1_cnt_minus[7]=0
     level1_cnt_plus[8]=0;		level1_cnt_minus[8]=0
     level1_cnt_plus[9]=0;		level1_cnt_minus[9]=0
FYI: CNarrowChannelRefiner::RedistributeLevel1_step_2: is started
FYI: CNarrowChannelRefiner::RedistributeLevel1_step_2: is finished
FYI: level1 statistics:
     level1_cnt_plus[1]=316;		level1_cnt_minus[1]=0
     level1_cnt_plus[2]=0;		level1_cnt_minus[2]=0
     level1_cnt_plus[3]=0;		level1_cnt_minus[3]=0
     level1_cnt_plus[4]=0;		level1_cnt_minus[4]=0
     level1_cnt_plus[5]=0;		level1_cnt_minus[5]=0
     level1_cnt_plus[6]=0;		level1_cnt_minus[6]=0
     level1_cnt_plus[7]=0;		level1_cnt_minus[7]=0
     level1_cnt_plus[8]=0;		level1_cnt_minus[8]=0
     level1_cnt_plus[9]=0;		level1_cnt_minus[9]=0
FYI: CNarrowChannelRefiner::RedistributeLevel1_step_3: is started
FYI: CNarrowChannelRefiner::RedistributeLevel1_step_3: is finished
RedistributeLevel1 takes:
FYI: level1 statistics:
     level1_cnt_plus[1]=316;		level1_cnt_minus[1]=408
     level1_cnt_plus[2]=0;		level1_cnt_minus[2]=0
     level1_cnt_plus[3]=0;		level1_cnt_minus[3]=0
     level1_cnt_plus[4]=0;		level1_cnt_minus[4]=0
     level1_cnt_plus[5]=0;		level1_cnt_minus[5]=0
     level1_cnt_plus[6]=0;		level1_cnt_minus[6]=0
     level1_cnt_plus[7]=0;		level1_cnt_minus[7]=0
     level1_cnt_plus[8]=0;		level1_cnt_minus[8]=0
     level1_cnt_plus[9]=0;		level1_cnt_minus[9]=0
-----------------------------------------------------------------------
MSH format builder (Iteration 0)
-----------------------------------------------------------------------
Memory Working Set Current = 33.60 Mb, Memory Working Set Peak = 33.94 Mb
Process Threads Number: 14
-----------------------------------------------------------------------
Total bricks count: 1940
-----------------------------------------------------------------------
MSH (Real Geometry) format constructor:
	Geom    Count = 2
	Bodyset Count = 2
	3D task
	Getting brick sets...OK (0.000 s)

	Min x-stack xeps = 0.000507998
	D / dh / eps [axis=0] = (0.231705, 0.00980085, 9.80085e-06)
	D / dh / eps [axis=1] = (0.218119, 0.0116797, 1.16797e-05)
	D / dh / eps [axis=2] = (0.246772, 0.00933393, 9.33393e-06)
	Time (xeps): 0.000 s
Level 1
	Set (0)  size: 368
	Set (0)  time: 0.016 s
	Set (1)  size: 368
	Set (1)  time: 0.010 s
Level 0
	Set (0)  size: 602
	Set (0)  time: 0.002 s
	Set (1)  size: 602
	Set (1)  time: 0.001 s

	Spread npq bricks...0 marked (0.000 s)

Result:
	Bricks number:                        1940

	Memory usage:                         0.486 MB
	Memory usage (per brick):             0.257 KB
	Construction time:                    0.031 s

	Topology features:
	------------------
	- High quality bricks                   99.79 % (1936)
	- Medium quality bricks                  0.21 % (4)
	- Bad quality bricks                     0.00 % (0)
	- NPQ bricks                             0.31 % (6)
	- Type-1 bricks                         26.80 % (520)
	- Ribs corrected bricks                  0.00 % (0)
	- Points with geom-info (bricks)         0.52 % (10)
	- Points with closest-info (bricks)      0.00 % (0)
	- Triangulated by center (bricks)        0.31 % (6)
	- Facet w-faces mergings (bricks)        0.00 % (0)
	- To refine (bricks)                     0.00 % (0)
	- Points-count                           0.00 % (0)
	- T-self-intersection-all (bricks)       0.00 % (0)
	- T-self-intersection-simple (bricks)    0.00 % (0)
	- T-self-intersection-complex (bricks)   0.00 % (0)
	- NPQ by reason 1 u-shape                0.00 % (0)
	- NPQ by reason 2 tri-by-ctr             0.10 % (2)
	- NPQ by reason 3 ray-correction         0.00 % (0)
	- NPQ by reason 4 t-self-intersection    0.00 % (0)
	- NPQ by reason 5 non-good               0.21 % (4)
	- NPQ by reason 6 npq-worker             0.00 % (0)

-----------------------------------------------------------------------
Memory Working Set Current = 39.07 Mb, Memory Working Set Peak = 39.07 Mb
Process Threads Number: 14
-----------------------------------------------------------------------
-----------------------------------------------------------------------
msh-iterations: 1
-----------------------------------------------------------------------
high---q-brick-count =  99.79 % (1940 1936)
medium-q-brick-count =   0.21 % (1940 4)
bad----q-brick-count =   0.00 % (1940 0)
np-----q-brick-count =   0.31 % (1940 6)
-----------------------------------------------------------------------
Free brick parser storage...OK(0.003 s)
-----------------------------------------------------------------------
Memory Working Set Current = 36.93 Mb, Memory Working Set Peak = 39.85 Mb
Process Threads Number: 14
-----------------------------------------------------------------------
-----------------------------------------------------------------------
MSH --> BCF format (Iteration 0)...
BCF collector...(remove mode=0)
	Time (alloc counter per brick): 0.000 s
	Brick    count: 1940
	Av.f all count: 2140
	Av.s all count: 660
	Av.f pid count: 720
	Av.s pid count: 660
	Faces fs count: 1972
	Faces ff count: 0
	Faces ss count: 0
	Faces bb count: 0
	Faces fe count: 720
	Faces se count: 0
	Faces fw count: 2692
	Faces af count: 5938
	Faces as count: 1548
	Time (all count): 	0.001 s
	Time (bcf alloc): 	0.000 s
	Time (shifts alloc): 	0.000 s
	Time (shifts init): 	0.000 s
	Time (bcf fill): 	0.001 s
	Time (add av to faces): 0.000 s
	Time (add faces to av): 0.001 s
Time (bcf collect): 		0.004 s
	AV checker...
	Time (check av): 	0.001 s
	Subdomain checker...
		Subdomains construction time: 0.000 s.
		Subdomains sort time: 0.000 s.
			Subdomain 0 (geom_ind=0): 2140 av
			Subdomain 1 (geom_ind=1): 660 av
		gi: 0, real bodies: 1
		gi: 0, subdomains:  1
		gi: 1, real bodies: 0
		gi: 1, subdomains:  1
		Defect subdomains: 0
	Time (check subdoms): 	0.001 s
Time (bcf iteration total): 	0.006 s
	Time (fw-nb): 		0.000 s
	Fixed mutual fw-nb:     1262 (bb: 0)
	Time (fw-nb mutual): 	0.000 s
	Time (fw-nb sort): 	0.000 s
	Fw-opt BEFORE total:    2692 (fs=1972, ff=0, ss=0)
	Fw-opt AFTER  total:    2201 (fs=1481, ff=0, ss=0, failed fw/br=4/0, big_curv=15, big_poly=0)
	Fw-opt RESULT:          491 (res/(fs+ff+ss) = 24.90 %)
	Time (fw-opt): 		0.001 s
	Time (fw-re-order): 	0.000 s
	Time (fw-nb): 		0.003 s
	Fixed mutual fw-nb:     4405 (bb: 0)
	Time (fw-nb mutual): 	0.000 s
	Time (fw-nb sort): 	0.000 s
	Time (rfd fix): 	0.000 s
	Time (av convexity): 	0.001 s
	Time (av small volume): 0.000 s
	Time (diagonal fw-nb): 	0.013 s
	Fixed mutual fw-nb:     0 (bb: 0)
	Time (fw-nb mutual): 	0.000 s
	Time (fw-nb sort): 	0.000 s
	Fluid subdomains: 1
	Faces fw-nb diff sd:    0
	Time (fw-nb diff sd): 	0.000 s
Time (bcf calc): 		0.022 s
-----------------------------------------------------------------------
Time (bcf total): 		0.028 s
-----------------------------------------------------------------------
-----------------------------------------------------------------------
Mega-cv constructor for fluid...
	 60 av's is treated as thin
Relative size generator (threshold = 0.05)...
	Iteration 1 (small cluster count = 40)
	Iteration 2 (small cluster count = 18)
	Iteration 3 (small cluster count = 0)
	 40 mega-cv's generated
	 0 mega-cv's removed
Relative size generator is completed OK (0.001 s)
Apply fa-rules to mega-cv clusters fixes...
OK (0.000 s)
Convert clusters:
	 40 mega-cv's total
Mega-cv count: 40
Time (mega-cv fill): 	0.000 s
Time (mega-cv total): 	0.003 s
-----------------------------------------------------------------------
Mixing plane rotation regions: NO.
Sliding mesh rotation regions: NO.
Fluid/fluid faces: NO.
-----------------------------------------------------------------------
Memory Working Set Current = 39.30 Mb, Memory Working Set Peak = 39.85 Mb
Process Threads Number: 14
-----------------------------------------------------------------------
----------------------------------------------------------
BCF --> BCF.GEOMSUBDOM (bridge arrays):
MESH (0):
	Fluid Subdom Constructor: 1 subdom(s).
	Solid Subdom Constructor: 1 subdom(s).
	Net Asm Subdom Constructor: 0 subdom(s).
	GEOMSUBDOM (0): gi=0 fluid av=2140 cv=2100 fa=5938 fb=0 fw=2201 V=1.235249e-02
	Cache data...OK
	GEOMSUBDOM (1): gi=1 solid av=660 cv=660 fa=1548 fb=0 fw=1481 V=1.191448e-04
	Cache data...OK
	Setting nb of w-faces...OK (0.000 s).
	Correcting nb of w-faces...
	Time(correct_fw_nb)=0.001 s

MESH (0) checking:
	GEOMSUBDOM (0):fa_s=1.6797036234441418 fb_s=0.0000000000000000 fw_s=0.4008536514790165 fw_nb=18384
	              :d_const(790)=2.51534e-15 d_linear(542)=2.58674e-14
	GEOMSUBDOM (1):fa_s=0.0425310997151504 fb_s=0.0000000000000000 fw_s=0.0777678070151048 fw_nb=12648
	              :d_const(203)=8.4832e-15 d_linear(610)=8.51488e-14
MESH (0) checking: OK.
Time (MDS): 	0.006 s
----------------------------------------------------------
-----------------------------------------------------------------------
Memory Working Set Current = 39.86 Mb, Memory Working Set Peak = 40.08 Mb
Process Threads Number: 14
-----------------------------------------------------------------------

-----------------------------------------------------------------------
BCF CHECKSUM DATA (Mesh 0):

BRICK |Level1| Sum:               724
FACE_A Area Sum:   G.Fluid        1.6797036234441416
FACE_A Area Sum:   G.Solid        0.0425310997151504
FACE_W Area Sum:                  0.4008536514790165
FACE_W Nb   Sum:                  18384
FACE_W min curvatures sum:        -44163.08489037
FACE_W max curvatures sum:        17097.42281914
AV Max Disbalance(Const) :        8.4832e-15 (cid=613, t={15, 6, 9}, avid=2288, pid=148)
AV Max Disbalance(Linear):        8.51488e-14 (cid=1172, t={13, 12, 13}, avid=2616, pid=476)
-----------------------------------------------------------------------


-----------------------------------------------------------------------
MESHER TOPOLOGY DATA:

BRICKS: Total                 1940
BRICKS: Fluid                 1940
BRICKS: Fluid Partial         520
BRICKS: Type 1                520
BRICKS: Max AV number         5

AV:     G.Total               2800
AV:     G.Fluid               2140
AV:     G.Solid               660

AV:     G.Fluid Thin Profile    6.17 % (132)
AV:     G.Solid Thin Profile   27.27 % (180)

AV:     G.Fluid Thin For Mega   2.80 % (60)
AV:     G.Solid Thin For Mega  18.18 % (120)

AV:     G.Fluid Non-Convex     15.98 % (342)
AV:     G.Solid Non-Convex     34.39 % (227)

AV:     G.Fluid Non-Ess-Convex     12.71 % (272)
AV:     G.Solid Non-Ess-Convex     14.55 % (96)

FACE_A: G.Fluid          (af) 5938 (partially opened 1526)
FACE_A: G.Solid          (as) 1548 (partially opened 1464)

FACE_B: G.Total          (b)  0

FACE_W: G.Total                 2201        Brick/Bound
FACE_W: G.Fluid/Solid    (fs_g) 1481        0           
FACE_W: G.Fluid/Fluid    (ff_g) 0           0           
FACE_W: G.Solid/Solid    (ss_g) 0           0           
FACE_W: G.Fluid/External (fe_g) 720
FACE_W: G.Solid/External (se_g) 0

AV/CV max fa count (on brick side):4
AV/CV max fw count:                4
AV/CV max fb count:                0
AV/CV max fw poly count:           16

MEMORY: Total                   1.111 MB
MEMORY: Per Brick               0.586 KB
-----------------------------------------------------------------------

-----------------------------------------------------------------------
Connectivities information:
	Number of conns: 0
-----------------------------------------------------------------------
	Time (gap size): 	0.006 s
-----------------------------------------------------------------------
Memory Working Set Current = 39.91 Mb, Memory Working Set Peak = 40.63 Mb
Process Threads Number: 14
-----------------------------------------------------------------------
-----------------------------------------------------------------------
Calculating curvature and tolerance criteria...
Curvature: min=0 (cid=0) max=3.14159 (cid=636)
Tolerance: min=0 (cid=0) max=0.00901343 (cid=783)
Calculating curvature and tolerance criteria takes 0.015 s
-----------------------------------------------------------------------
MESH Build(FS) finished. Time=0.247 s
-----------------------------------------------------------------------
Current CPU = 0 sec

Nx=12
Ny=9
Nz=12
Max BRICK Level=1
Mesh Level=1
-----------------CModelBodies2MeshMapper::CollectData started -------------------------------
	Time (collect mesh base data): 0.001 s.
	Time (collect model bodies mapping): 0.000 s.
	Time (collect positive bodies mapping): 0.000 s.
	Time (collect fluid bodies mapping): 0.000 s.
-----------------CModelBodies2MeshMapper Report -------------------------------
FluidDomains 1 SolidDomains 1 VoidDomains 0 
Domains RefIndexes
----------------- -------------------------------
	ModelBodies
Total resolved Bodies 0 BodySets 0

--------------------------------------------------------------------------
	Positive geometry Bodies
Total resolved Bodies 1 BodySets 1
BodySet 0
	Bodies list:
			#0	Name: ;	ID: 0378c04d-6aec-466e-903e-7783f8b984e2
	Domains list:		 0 

--------------------------------------------------------------------------
	Fluid regions
Total resolved Bodies 1 BodySets 1
BodySet 0	Material: Water; 
	Bodies list:
			#0	Name: ;	ID: 0378c04d-6aec-466e-903e-7783f8b984e2
	Domains list:		 0 

--------------------------------------------------------------------------
Collect data takes...0.002 s
-----------------CModelBodies2MeshMapper::CollectData finished successfully-------------------
Saving initial mesh in: C:\Users\julia.DESKTOP-TSHJUVK\OneDrive\Documents\GrabCAD\Dalhousie Microtransat\nautono\sail\mast_water_guard\1\1.fld .
Storing results...
	Estimated CPT size=0.543 MB.
	Time (write bcf): 0.027 s
Storing results takes 0.038 s
-----------------------------------------------------------------------
Memory Working Set Current = 40.33 Mb, Memory Working Set Peak = 40.68 Mb
Process Threads Number: 14
-----------------------------------------------------------------------
Cleaning memory...
-----------------------------------------------------------------------
Start to free mesher data...
MMP (msh): locals=7, allc_sz=0.32 MB, used_sz=0.25 MB, blks-min-max=1/8
MMP (brx): locals=8, allc_sz=1.06 MB, used_sz=0.96 MB, blks-min-max=4/7
MMP (bcf): locals=8, allc_sz=1.99 MB, used_sz=1.85 MB, blks-min-max=3/35
MMP (xsl): locals=8, allc_sz=0.12 MB, used_sz=0.03 MB, blks-min-max=1/1
Free xsl...            OK	Time=0.000 s
Free ray collector...  OK	Time=0.000 s
Free ray intersector...OK	Time=0.000 s
Free body sets...      OK	Time=0.003 s
Free Geometry DB takes 0.000 s
Free mesh conn...      OK	Time=0.000 s
Free geomsd...         OK	Time=0.000 s
Free mbricks...        OK	Time=0.000 s
Free hash info...      OK	Time=0.000 s
Free bricks-x...       OK	Time=0.000 s
Free bcf...            OK	Time=0.000 s
Free mesh h...         OK	Time=0.000 s
Free bricks arr..      OK	Time=0.000 s
Free bricks tree...    OK	Time=0.000 s
Free mesh pools...     OK	Time=0.001 s
Free bodies mapper...  OK	Time=0.000 s
Free geom crits...     OK	Time=0.000 s
Free cpt regions...    OK	Time=0.000 s
Free peculiar surfs... OK	Time=0.000 s
Free sw-geometries...  OK	Time=0.000 s
Total free mesher data time: 0.006 s
-----------------------------------------------------------------------
Copying... OK
Mesh generation normally finished at	6.2.2023	19:3:54
Mesher CPU = 0 sec
Mesher is finished at	6.2.2023	19:3:54
-----------------------------------------------------------------------
Memory Working Set Current = 31.14 Mb, Memory Working Set Peak = 41.11 Mb
Process Threads Number: 14
-----------------------------------------------------------------------
Algebra Pool      : mem_usage = 0.12 Mb, allocated count = 0
-----------------------------------------------------------------------
Memory Working Set Current = 31.08 Mb, Memory Working Set Peak = 41.11 Mb
Process Threads Number: 14
-----------------------------------------------------------------------
Log ended at 06.02.2023	19:03:54
